[x:0.000][y:0.000]
[dx:0.000][dy:0.000]
0.000

[x:0.000][y:0.000]
[dx:0.000][dy:0.000]
0.000

[x:0.000][y:0.000]
[dx:0.000][dy:0.000]
0.000

[x:0.000][y:0.000]
[dx:0.000][dy:0.000]
0.000

[x:0.000][y:0.000]
[dx:0.000][dy:0.000]
0.000

[x:0.690][y:0.477]
[dx:0.000][dy:0.000]
1.000

[x:0.679][y:0.493]
[dx:-0.010][dy:0.015]
1.000

[x:0.650][y:0.538]
[dx:-0.013][dy:0.018]
1.000

[x:0.615][y:0.589]
[dx:-0.010][dy:0.016]
1.000

[x:0.594][y:0.631]
[dx:-0.004][dy:0.013]
1.000

[x:0.585][y:0.664]
[dx:-0.002][dy:0.010]
1.000

[x:0.577][y:0.694]
[dx:-0.002][dy:0.010]
1.000

[x:0.573][y:0.721]
[dx:0.002][dy:0.007]
1.000

[x:0.577][y:0.741]
[dx:0.004][dy:0.006]
1.000

[x:0.596][y:0.759]
[dx:0.008][dy:0.005]
1.000

[x:0.625][y:0.770]
[dx:0.010][dy:0.004]
1.000

[x:0.669][y:0.796]
[dx:0.023][dy:0.017]
1.000

[x:0.685][y:0.808]
[dx:0.000][dy:0.000]
1.000

[x:0.685][y:0.808]
[dx:0.000][dy:0.000]
1.000

[x:0.685][y:0.808]
[dx:0.000][dy:0.000]
1.000

[x:0.685][y:0.808]
[dx:0.000][dy:0.000]
1.000

[x:0.685][y:0.808]
[dx:0.000][dy:0.000]
1.000

[x:0.685][y:0.808]
[dx:0.000][dy:0.000]
1.000

[x:0.685][y:0.808]
[dx:0.000][dy:0.000]
1.000

[x:0.000][y:227441.938]
[dx:-0.500][dy:-0.000]
-0.000

