
Tx:-1.57142e-37
Ty:4.77946e-39
Tdx:0
Tdy:-1.58178e-37

Tx:3.01029e-26
Ty:6.72623e-43
Tdx:1.12104e-42
Tdy:0

Tx:4.59626e-43
Ty:5.5071e-43
Tdx:4.59626e-43
Tdy:-1.71886e-38

Tx:4.59626e-43
Ty:5.5071e-43
Tdx:4.59626e-43
Tdy:5.5071e-43

Tx:0.81875
Ty:0.41
Tdx:0
Tdy:0

Tx:4.77843e-43
Ty:NaN
Tdx:1.82169e-44
Tdy:2.32616e-43

Tx:0.789583
Ty:0.42625
Tdx:-0.0291667
Tdy:0.01625

Tx:4.86251e-43
Ty:NaN
Tdx:8.40779e-45
Tdy:-1.7147e-38

Tx:0.772917
Ty:0.43375
Tdx:-0.0166667
Tdy:0.00749999

Tx:4.94658e-43
Ty:NaN
Tdx:8.40779e-45
Tdy:2.32616e-43

Tx:0.754167
Ty:0.44125
Tdx:-0.01875
Tdy:0.00749999

Tx:5.11474e-43
Ty:NaN
Tdx:1.68156e-44
Tdy:2.32616e-43

Tx:0.722917
Ty:0.45625
Tdx:-0.03125
Tdy:0.015

Tx:5.29691e-43
Ty:NaN
Tdx:1.82169e-44
Tdy:-1.7147e-38

Tx:0.6875
Ty:0.4725
Tdx:-0.0354167
Tdy:0.01625

Tx:5.49309e-43
Ty:NaN
Tdx:1.96182e-44
Tdy:2.32616e-43

Tx:0.65625
Ty:0.49
Tdx:-0.03125
Tdy:0.0175

Tx:5.68927e-43
Ty:NaN
Tdx:1.96182e-44
Tdy:2.32616e-43

Tx:0.627083
Ty:0.5075
Tdx:-0.0291666
Tdy:0.0175

Tx:5.87144e-43
Ty:NaN
Tdx:1.82169e-44
Tdy:-1.7147e-38

Tx:0.604167
Ty:0.525
Tdx:-0.0229167
Tdy:0.0175

Tx:6.05361e-43
Ty:NaN
Tdx:1.82169e-44
Tdy:2.32616e-43

Tx:0.583333
Ty:0.54
Tdx:-0.0208334
Tdy:0.015

Tx:6.17973e-43
Ty:NaN
Tdx:1.26117e-44
Tdy:2.32616e-43

Tx:0.570833
Ty:0.55125
Tdx:-0.0125
Tdy:0.01125

Tx:6.27782e-43
Ty:NaN
Tdx:9.80909e-45
Tdy:-1.7147e-38

Tx:0.5625
Ty:0.56
Tdx:-0.00833333
Tdy:0.00875002

Tx:6.33387e-43
Ty:NaN
Tdx:5.60519e-45
Tdy:-1.7147e-38

Tx:0.55625
Ty:0.565
Tdx:-0.00625002
Tdy:0.005

Tx:6.38992e-43
Ty:0
Tdx:5.60519e-45
Tdy:-1.7147e-38

Tx:0.55625
Ty:0.57
Tdx:0
Tdy:0.005

Tx:6.43196e-43
Ty:NaN
Tdx:4.2039e-45
Tdy:-1.7147e-38

Tx:0.554167
Ty:0.57375
Tdx:-0.0020833
Tdy:0.00375003

Tx:6.50202e-43
Ty:1.4013e-45
Tdx:7.00649e-45
Tdy:2.32616e-43

Tx:0.55625
Ty:0.58
Tdx:0.0020833
Tdy:0.00624996

Tx:6.57209e-43
Ty:4.2039e-45
Tdx:7.00649e-45
Tdy:2.32616e-43

Tx:0.5625
Ty:0.58625
Tdx:0.00625002
Tdy:0.00625002

Tx:6.62814e-43
Ty:4.2039e-45
Tdx:5.60519e-45
Tdy:2.32616e-43

Tx:0.56875
Ty:0.5925
Tdx:0.00625002
Tdy:0.00624996

Tx:6.72623e-43
Ty:5.60519e-45
Tdx:9.80909e-45
Tdy:2.32616e-43

Tx:0.577083
Ty:0.6
Tdx:0.00833333
Tdy:0.00750005

Tx:6.81031e-43
Ty:8.40779e-45
Tdx:8.40779e-45
Tdy:2.32616e-43

Tx:0.589583
Ty:0.6075
Tdx:0.0125
Tdy:0.00749999

Tx:6.86636e-43
Ty:7.00649e-45
Tdx:5.60519e-45
Tdy:2.32616e-43

Tx:0.6
Ty:0.6125
Tdx:0.0104167
Tdy:0.005

Tx:6.88038e-43
Ty:4.2039e-45
Tdx:1.4013e-45
Tdy:2.32616e-43

Tx:0.60625
Ty:0.61375
Tdx:0.00624996
Tdy:0.00124997

Tx:6.86636e-43
Ty:8.40779e-45
Tdx:NaN
Tdy:2.32616e-43

Tx:0.61875
Ty:0.6125
Tdx:0.0125
Tdy:-0.00124997

Tx:6.7963e-43
Ty:8.40779e-45
Tdx:NaN
Tdy:2.32616e-43

Tx:0.63125
Ty:0.60625
Tdx:0.0125
Tdy:-0.00625002

Tx:6.68419e-43
Ty:8.40779e-45
Tdx:NaN
Tdy:2.32616e-43

Tx:0.64375
Ty:0.59625
Tdx:0.0125
Tdy:-0.00999999

Tx:6.54406e-43
Ty:9.80909e-45
Tdx:NaN
Tdy:-1.7147e-38

Tx:0.658333
Ty:0.585
Tdx:0.0145833
Tdy:-0.01125

Tx:6.41795e-43
Ty:1.4013e-44
Tdx:NaN
Tdy:2.32616e-43

Tx:0.679167
Ty:0.5725
Tdx:0.0208333
Tdy:-0.0125

Tx:6.27782e-43
Ty:1.4013e-44
Tdx:NaN
Tdy:2.32616e-43

Tx:0.7
Ty:0.56125
Tdx:0.0208333
Tdy:-0.01125

Tx:6.17973e-43
Ty:1.68156e-44
Tdx:NaN
Tdy:2.32616e-43

Tx:0.725
Ty:0.55125
Tdx:0.025
Tdy:-0.00999999

Tx:6.05361e-43
Ty:1.68156e-44
Tdx:NaN
Tdy:2.32616e-43

Tx:0.75
Ty:0.54
Tdx:0.025
Tdy:-0.01125

Tx:5.92749e-43
Ty:1.68156e-44
Tdx:NaN
Tdy:2.32616e-43

Tx:0.775
Ty:0.53
Tdx:0.025
Tdy:-0.0100001

Tx:5.8294e-43
Ty:1.4013e-44
Tdx:NaN
Tdy:-1.7147e-38

Tx:0.795833
Ty:0.52
Tdx:0.0208334
Tdy:-0.00999999

Tx:5.7173e-43
Ty:9.80909e-45
Tdx:NaN
Tdy:2.32616e-43

Tx:0.810417
Ty:0.51
Tdx:0.0145833
Tdy:-0.00999999

Tx:5.61921e-43
Ty:5.60519e-45
Tdx:NaN
Tdy:2.32616e-43

Tx:0.81875
Ty:0.50125
Tdx:0.00833338
Tdy:-0.00874996

Tx:5.56315e-43
Ty:4.2039e-45
Tdx:NaN
Tdy:2.32616e-43

Tx:0.825
Ty:0.49625
Tdx:0.00624996
Tdy:-0.00500003

Tx:5.52112e-43
Ty:2.8026e-45
Tdx:NaN
Tdy:2.32616e-43

Tx:0.829167
Ty:0.4925
Tdx:0.00416666
Tdy:-0.00375

Tx:5.49309e-43
Ty:1.4013e-45
Tdx:NaN
Tdy:2.32616e-43

Tx:0.83125
Ty:0.49
Tdx:0.00208336
Tdy:-0.0025

Tx:5.47908e-43
Ty:2.8026e-45
Tdx:NaN
Tdy:2.32616e-43

Tx:0.835417
Ty:0.48875
Tdx:0.00416666
Tdy:-0.00125

Tx:5.47908e-43
Ty:2.8026e-45
Tdx:0
Tdy:-1.7147e-38

Tx:0.839583
Ty:0.48875
Tdx:0.00416666
Tdy:0

Tx:5.59118e-43
Ty:NaN
Tdx:1.12104e-44
Tdy:-1.7147e-38

Tx:0.835417
Ty:0.49875
Tdx:-0.00416666
Tdy:0.00999999

Tx:5.67526e-43
Ty:NaN
Tdx:8.40779e-45
Tdy:2.32616e-43

Tx:0.829167
Ty:0.50625
Tdx:-0.00625002
Tdy:0.00750002

Tx:5.77335e-43
Ty:NaN
Tdx:9.80909e-45
Tdy:2.32616e-43

Tx:0.820833
Ty:0.515
Tdx:-0.00833333
Tdy:0.00874996

Tx:5.89947e-43
Ty:NaN
Tdx:1.26117e-44
Tdy:2.32616e-43

Tx:0.8125
Ty:0.52625
Tdx:-0.00833333
Tdy:0.01125

Tx:6.02558e-43
Ty:NaN
Tdx:1.26117e-44
Tdy:2.32616e-43

Tx:0.804167
Ty:0.5375
Tdx:-0.00833333
Tdy:0.01125

Tx:6.13769e-43
Ty:NaN
Tdx:1.12104e-44
Tdy:2.32616e-43

Tx:0.795833
Ty:0.5475
Tdx:-0.00833333
Tdy:0.00999999

Tx:6.22177e-43
Ty:NaN
Tdx:8.40779e-45
Tdy:2.32616e-43

Tx:0.791667
Ty:0.55625
Tdx:-0.00416666
Tdy:0.00874996

Tx:6.34788e-43
Ty:NaN
Tdx:1.26117e-44
Tdy:2.32616e-43

Tx:0.785417
Ty:0.56625
Tdx:-0.00625002
Tdy:0.0100001

Tx:6.45999e-43
Ty:NaN
Tdx:1.12104e-44
Tdy:-1.7147e-38

Tx:0.779167
Ty:0.57625
Tdx:-0.00625002
Tdy:0.00999999

Tx:6.57209e-43
Ty:NaN
Tdx:1.12104e-44
Tdy:2.32616e-43

Tx:0.772917
Ty:0.58625
Tdx:-0.00624996
Tdy:0.00999999

Tx:6.69821e-43
Ty:NaN
Tdx:1.26117e-44
Tdy:2.32616e-43

Tx:0.764583
Ty:0.5975
Tdx:-0.00833333
Tdy:0.01125

Tx:6.7963e-43
Ty:NaN
Tdx:9.80909e-45
Tdy:-1.7147e-38

Tx:0.760417
Ty:0.60625
Tdx:-0.00416666
Tdy:0.00874996

Tx:6.89439e-43
Ty:NaN
Tdx:9.80909e-45
Tdy:2.32616e-43

Tx:0.75625
Ty:0.61625
Tdx:-0.00416666
Tdy:0.00999999

Tx:7.00649e-43
Ty:NaN
Tdx:1.12104e-44
Tdy:2.32616e-43

Tx:0.754167
Ty:0.625
Tdx:-0.00208336
Tdy:0.00875002

Tx:7.10458e-43
Ty:NaN
Tdx:9.80909e-45
Tdy:2.32616e-43

Tx:0.75
Ty:0.63375
Tdx:-0.00416666
Tdy:0.00875002

Tx:7.18866e-43
Ty:NaN
Tdx:8.40779e-45
Tdy:2.32616e-43

Tx:0.74375
Ty:0.64125
Tdx:-0.00625002
Tdy:0.00749999

Tx:7.27274e-43
Ty:NaN
Tdx:8.40779e-45
Tdy:2.32616e-43

Tx:0.7375
Ty:0.64875
Tdx:-0.00624996
Tdy:0.00749999

Tx:7.3428e-43
Ty:NaN
Tdx:7.00649e-45
Tdy:2.32616e-43

Tx:0.733333
Ty:0.655
Tdx:-0.00416666
Tdy:0.00624996

Tx:7.38484e-43
Ty:NaN
Tdx:4.2039e-45
Tdy:2.32616e-43

Tx:0.725
Ty:0.65875
Tdx:-0.00833333
Tdy:0.00375003

Tx:7.42688e-43
Ty:NaN
Tdx:4.2039e-45
Tdy:2.32616e-43

Tx:0.720833
Ty:0.6625
Tdx:-0.00416666
Tdy:0.00375003

Tx:7.45491e-43
Ty:NaN
Tdx:2.8026e-45
Tdy:2.32616e-43

Tx:0.716667
Ty:0.665
Tdx:-0.00416672
Tdy:0.0025

Tx:7.46892e-43
Ty:NaN
Tdx:1.4013e-45
Tdy:2.32616e-43

Tx:0.710417
Ty:0.66625
Tdx:-0.00624996
Tdy:0.00124997

Tx:7.51096e-43
Ty:NaN
Tdx:4.2039e-45
Tdy:2.32616e-43

Tx:0.702083
Ty:0.67
Tdx:-0.00833333
Tdy:0.00375003

Tx:7.52497e-43
Ty:NaN
Tdx:1.4013e-45
Tdy:2.32616e-43

Tx:0.691667
Ty:0.67125
Tdx:-0.0104167
Tdy:0.00124997

Tx:7.52497e-43
Ty:NaN
Tdx:0
Tdy:-1.7147e-38

Tx:0.675
Ty:0.67125
Tdx:-0.0166667
Tdy:0

Tx:7.48293e-43
Ty:NaN
Tdx:NaN
Tdy:2.32616e-43

Tx:0.65
Ty:0.6675
Tdx:-0.025
Tdy:-0.00374997

Tx:7.42688e-43
Ty:NaN
Tdx:NaN
Tdy:2.32616e-43

Tx:0.61875
Ty:0.6625
Tdx:-0.03125
Tdy:-0.005

Tx:7.32879e-43
Ty:NaN
Tdx:NaN
Tdy:2.32616e-43

Tx:0.585417
Ty:0.65375
Tdx:-0.0333333
Tdy:-0.00875002

Tx:7.21669e-43
Ty:NaN
Tdx:NaN
Tdy:2.32616e-43

Tx:0.552083
Ty:0.64375
Tdx:-0.0333334
Tdy:-0.00999999

Tx:7.09057e-43
Ty:NaN
Tdx:NaN
Tdy:2.32616e-43

Tx:0.520833
Ty:0.6325
Tdx:-0.03125
Tdy:-0.01125

Tx:6.95044e-43
Ty:NaN
Tdx:NaN
Tdy:2.32616e-43

Tx:0.49375
Ty:0.62
Tdx:-0.0270833
Tdy:-0.0125

Tx:6.81031e-43
Ty:NaN
Tdx:NaN
Tdy:2.32616e-43

Tx:0.470833
Ty:0.6075
Tdx:-0.0229167
Tdy:-0.0125

Tx:6.65617e-43
Ty:NaN
Tdx:NaN
Tdy:2.32616e-43

Tx:0.452083
Ty:0.59375
Tdx:-0.01875
Tdy:-0.01375

Tx:6.53005e-43
Ty:NaN
Tdx:NaN
Tdy:2.32616e-43

Tx:0.435417
Ty:0.5825
Tdx:-0.0166667
Tdy:-0.01125

Tx:6.41795e-43
Ty:NaN
Tdx:NaN
Tdy:-1.7147e-38

Tx:0.420833
Ty:0.5725
Tdx:-0.0145833
Tdy:-0.00999999

Tx:6.31986e-43
Ty:NaN
Tdx:NaN
Tdy:2.32616e-43

Tx:0.4125
Ty:0.56375
Tdx:-0.00833333
Tdy:-0.00874996

Tx:6.24979e-43
Ty:NaN
Tdx:NaN
Tdy:2.32616e-43

Tx:0.40625
Ty:0.5575
Tdx:-0.00624999
Tdy:-0.00625002

Tx:6.19374e-43
Ty:NaN
Tdx:NaN
Tdy:2.32616e-43

Tx:0.404167
Ty:0.5525
Tdx:-0.00208333
Tdy:-0.005

Tx:6.08164e-43
Ty:0
Tdx:NaN
Tdy:-1.7147e-38

Tx:0.404167
Ty:0.5425
Tdx:0
Tdy:-0.00999999

Tx:5.89947e-43
Ty:7.00649e-45
Tdx:NaN
Tdy:-1.7147e-38

Tx:0.414583
Ty:0.52625
Tdx:0.0104167
Tdy:-0.01625

Tx:5.89947e-43
Ty:0.52625
Tdx:0
Tdy:1.4013e-45

Tx:0.414583
Ty:0.52625
Tdx:0
Tdy:0

Tx:3.01029e-26
Ty:6.72623e-43
Tdx:1.12104e-42
Tdy:0

Tx:1.4013e-45
Ty:5.27328e-39
Tdx:-1.52842e-37
Tdy:-1.65524e-38

Tx:1.4013e-45
Ty:5.27328e-39
Tdx:-1.52842e-37
Tdy:-1.65524e-38

Tx:5.27334e-39
Ty:3.37314e-12
Tdx:-1.5858e-37
Tdy:-1.5858e-37

Tx:1.88184e-39
Ty:221170
Tdx:-0.259587
Tdy:-1.52843e-37
