[x:0.000][y:0.000]
[dx:0.000][dy:0.000]
0.000

[x:0.727][y:0.521]
[dx:-0.006][dy:0.012]
1.000

[x:0.702][y:0.603]
[dx:-0.002][dy:0.011]
1.000

[x:0.692][y:0.637]
[dx:0.000][dy:0.002]
1.000

[x:0.698][y:0.645]
[dx:0.004][dy:0.000]
1.000

[x:0.719][y:0.654]
[dx:0.004][dy:0.002]
1.000

[x:0.719][y:0.654]
[dx:0.000][dy:0.000]
1.000

[x:0.719][y:0.654]
[dx:0.000][dy:0.000]
1.000

[x:0.719][y:0.654]
[dx:0.000][dy:0.000]
1.000

[x:0.719][y:0.654]
[dx:0.000][dy:0.000]
1.000

[x:0.585][y:0.577]
[dx:0.015][dy:-0.002]
1.000

[x:0.788][y:0.551]
[dx:0.031][dy:-0.005]
1.000

[x:0.808][y:0.545]
[dx:0.002][dy:0.000]
1.000

[x:0.808][y:0.545]
[dx:0.000][dy:0.000]
1.000

[x:0.808][y:0.545]
[dx:0.000][dy:0.000]
1.000

[x:0.808][y:0.545]
[dx:0.000][dy:0.000]
1.000

[x:0.808][y:0.545]
[dx:0.000][dy:0.000]
1.000

[x:0.669][y:0.810]
[dx:0.000][dy:0.000]
1.000

[x:0.696][y:0.637]
[dx:0.008][dy:-0.031]
1.000

[x:0.754][y:0.564]
[dx:0.000][dy:0.000]
1.000

[x:0.754][y:0.564]
[dx:0.000][dy:0.000]
1.000

[x:0.754][y:0.564]
[dx:0.000][dy:0.000]
1.000

[x:0.754][y:0.564]
[dx:0.000][dy:0.000]
1.000

[x:0.744][y:0.651]
[dx:0.173][dy:0.002]
1.000

[x:0.744][y:0.651]
[dx:0.000][dy:0.000]
1.000

[x:0.744][y:0.651]
[dx:0.000][dy:0.000]
1.000

[x:0.744][y:0.651]
[dx:0.000][dy:0.000]
1.000

[x:0.744][y:0.651]
[dx:0.000][dy:0.000]
1.000

[x:0.000][y:221169.938]
[dx:-0.260][dy:-0.000]
-0.000

[x:0.000][y:0.000]
[dx:0.000][dy:0.000]
0.000

[x:0.000][y:0.000]
[dx:0.000][dy:0.000]
0.000

[x:0.000][y:0.000]
[dx:0.000][dy:0.000]
0.000

[x:0.000][y:0.000]
[dx:0.000][dy:0.000]
0.000

[x:0.000][y:0.000]
[dx:0.000][dy:0.000]
0.000

[x:0.000][y:0.000]
[dx:0.000][dy:0.000]
0.000

[x:0.000][y:0.000]
[dx:0.000][dy:0.000]
0.000

[x:0.633][y:0.613]
[dx:0.000][dy:0.000]
1.000

[x:0.633][y:0.613]
[dx:0.000][dy:0.000]
1.000

[x:0.633][y:0.613]
[dx:0.000][dy:0.000]
1.000

[x:0.633][y:0.613]
[dx:0.000][dy:0.000]
1.000

[x:0.633][y:0.613]
[dx:0.000][dy:0.000]
1.000

[x:0.633][y:0.613]
[dx:0.000][dy:0.000]
1.000

[x:0.633][y:0.613]
[dx:0.000][dy:0.000]
1.000

[x:0.633][y:0.613]
[dx:0.000][dy:0.000]
1.000

[x:0.633][y:0.613]
[dx:0.000][dy:0.000]
1.000

[x:0.633][y:0.613]
[dx:0.000][dy:0.000]
1.000

[x:0.633][y:0.613]
[dx:0.000][dy:0.000]
1.000

[x:0.633][y:0.613]
[dx:0.000][dy:0.000]
1.000

[x:0.633][y:0.613]
[dx:0.000][dy:0.000]
1.000

[x:0.633][y:0.613]
[dx:0.000][dy:0.000]
1.000

[x:0.596][y:0.720]
[dx:0.000][dy:0.000]
1.000

[x:0.621][y:0.712]
[dx:0.010][dy:-0.002]
1.000

[x:0.621][y:0.712]
[dx:0.000][dy:0.000]
1.000

[x:0.621][y:0.712]
[dx:0.000][dy:0.000]
1.000

[x:0.621][y:0.712]
[dx:0.000][dy:0.000]
1.000

[x:0.621][y:0.712]
[dx:0.000][dy:0.000]
1.000

[x:0.621][y:0.712]
[dx:0.000][dy:0.000]
1.000

[x:0.621][y:0.712]
[dx:0.000][dy:0.000]
1.000

[x:0.671][y:0.564]
[dx:0.000][dy:0.000]
1.000

[x:0.671][y:0.564]
[dx:0.000][dy:0.000]
1.000

[x:0.671][y:0.564]
[dx:0.000][dy:0.000]
1.000

[x:0.671][y:0.564]
[dx:0.000][dy:0.000]
1.000

[x:0.671][y:0.564]
[dx:0.000][dy:0.000]
1.000

[x:0.671][y:0.564]
[dx:0.000][dy:0.000]
1.000

[x:0.671][y:0.564]
[dx:0.000][dy:0.000]
1.000

[x:0.671][y:0.564]
[dx:0.000][dy:0.000]
1.000

[x:0.671][y:0.564]
[dx:0.000][dy:0.000]
1.000

[x:0.671][y:0.564]
[dx:0.000][dy:0.000]
1.000

[x:0.671][y:0.564]
[dx:0.000][dy:0.000]
1.000

[x:0.671][y:0.564]
[dx:0.000][dy:0.000]
1.000

[x:0.671][y:0.564]
[dx:0.000][dy:0.000]
1.000

[x:0.671][y:0.564]
[dx:0.000][dy:0.000]
1.000

[x:0.671][y:0.564]
[dx:0.000][dy:0.000]
1.000

[x:0.000][y:221169.938]
[dx:-0.260][dy:-0.000]
-0.000

